

Started GET "/" for 127.0.0.1 at 2015-01-01 18:13:05 +0800
Processing by StaticPagesController#home as HTML
  Rendered static_pages/home.html.erb within layouts/application (9.8ms)
Completed 200 OK in 593ms (Views: 554.4ms | ActiveRecord: 0.0ms)


Started GET "/assets/static_pages.css?body=1" for 127.0.0.1 at 2015-01-01 18:13:06 +0800


Started GET "/assets/application.css?body=1" for 127.0.0.1 at 2015-01-01 18:13:06 +0800


Started GET "/assets/jquery_ujs.js?body=1" for 127.0.0.1 at 2015-01-01 18:13:06 +0800


Started GET "/assets/jquery.js?body=1" for 127.0.0.1 at 2015-01-01 18:13:06 +0800


Started GET "/assets/application.js?body=1" for 127.0.0.1 at 2015-01-01 18:13:06 +0800


Started GET "/assets/turbolinks.js?body=1" for 127.0.0.1 at 2015-01-01 18:13:06 +0800


Started GET "/assets/static_pages.js?body=1" for 127.0.0.1 at 2015-01-01 18:13:06 +0800


Started GET "/assets/rails.png" for 127.0.0.1 at 2015-01-01 18:13:06 +0800


Started GET "/" for 127.0.0.1 at 2015-01-01 18:19:19 +0800
Processing by StaticPagesController#home as HTML
  Rendered static_pages/home.html.erb within layouts/application (2.7ms)
Completed 200 OK in 1598ms (Views: 1581.2ms | ActiveRecord: 0.0ms)


Started GET "/assets/custom.css?body=1" for 127.0.0.1 at 2015-01-01 18:19:20 +0800


Started GET "/assets/static_pages.css?body=1" for 127.0.0.1 at 2015-01-01 18:19:20 +0800


Started GET "/assets/application.css?body=1" for 127.0.0.1 at 2015-01-01 18:19:20 +0800


Started GET "/assets/jquery.js?body=1" for 127.0.0.1 at 2015-01-01 18:19:20 +0800


Started GET "/assets/jquery_ujs.js?body=1" for 127.0.0.1 at 2015-01-01 18:19:20 +0800


Started GET "/assets/turbolinks.js?body=1" for 127.0.0.1 at 2015-01-01 18:19:20 +0800


Started GET "/assets/static_pages.js?body=1" for 127.0.0.1 at 2015-01-01 18:19:20 +0800


Started GET "/assets/application.js?body=1" for 127.0.0.1 at 2015-01-01 18:19:20 +0800


Started GET "/assets/rails.png" for 127.0.0.1 at 2015-01-01 18:19:20 +0800


Started GET "/" for 127.0.0.1 at 2015-01-01 20:54:54 +0800
Processing by StaticPagesController#home as HTML
  Rendered static_pages/home.html.erb within layouts/application (0.2ms)
  Rendered layouts/_shim.html.erb (0.2ms)
  Rendered layouts/_header.html.erb (0.4ms)
  Rendered layouts/_footer.html.erb (0.3ms)
Completed 200 OK in 1014ms (Views: 1013.5ms | ActiveRecord: 0.0ms)


Started GET "/assets/custom.css?body=1" for 127.0.0.1 at 2015-01-01 20:54:55 +0800


Started GET "/assets/static_pages.css?body=1" for 127.0.0.1 at 2015-01-01 20:54:55 +0800


Started GET "/assets/application.css?body=1" for 127.0.0.1 at 2015-01-01 20:54:55 +0800


Started GET "/assets/turbolinks.js?body=1" for 127.0.0.1 at 2015-01-01 20:54:55 +0800


Started GET "/assets/jquery.js?body=1" for 127.0.0.1 at 2015-01-01 20:54:55 +0800


Started GET "/assets/jquery_ujs.js?body=1" for 127.0.0.1 at 2015-01-01 20:54:55 +0800


Started GET "/assets/static_pages.js?body=1" for 127.0.0.1 at 2015-01-01 20:54:55 +0800


Started GET "/assets/application.js?body=1" for 127.0.0.1 at 2015-01-01 20:54:55 +0800


Started GET "/assets/rails.png" for 127.0.0.1 at 2015-01-01 20:54:55 +0800


Started GET "/about" for 127.0.0.1 at 2015-01-01 21:26:01 +0800
Processing by StaticPagesController#about as HTML
  Rendered static_pages/about.html.erb within layouts/application (0.4ms)
  Rendered layouts/_shim.html.erb (0.0ms)
  Rendered layouts/_header.html.erb (0.6ms)
  Rendered layouts/_footer.html.erb (0.3ms)
Completed 200 OK in 884ms (Views: 883.2ms | ActiveRecord: 0.0ms)


Started GET "/assets/custom.css?body=1" for 127.0.0.1 at 2015-01-01 21:26:02 +0800


Started GET "/assets/static_pages.css?body=1" for 127.0.0.1 at 2015-01-01 21:26:02 +0800


Started GET "/assets/application.css?body=1" for 127.0.0.1 at 2015-01-01 21:26:02 +0800


Started GET "/assets/jquery.js?body=1" for 127.0.0.1 at 2015-01-01 21:26:02 +0800


Started GET "/assets/turbolinks.js?body=1" for 127.0.0.1 at 2015-01-01 21:26:02 +0800


Started GET "/assets/jquery_ujs.js?body=1" for 127.0.0.1 at 2015-01-01 21:26:02 +0800


Started GET "/assets/static_pages.js?body=1" for 127.0.0.1 at 2015-01-01 21:26:02 +0800


Started GET "/assets/application.js?body=1" for 127.0.0.1 at 2015-01-01 21:26:02 +0800
  [1m[36m (143.0ms)[0m  [1mCREATE TABLE "schema_migrations" ("version" varchar NOT NULL) [0m
  [1m[35m (0.2ms)[0m  select sqlite_version(*)
  [1m[36m (134.2ms)[0m  [1mCREATE UNIQUE INDEX "unique_schema_migrations" ON "schema_migrations" ("version")[0m
  [1m[35mActiveRecord::SchemaMigration Load (0.1ms)[0m  SELECT "schema_migrations".* FROM "schema_migrations"
  [1m[36mActiveRecord::SchemaMigration Load (0.1ms)[0m  [1mSELECT "schema_migrations".* FROM "schema_migrations"[0m
Migrating to CreateUsers (20150102021916)
  [1m[35m (0.1ms)[0m  begin transaction
  [1m[36m (0.3ms)[0m  [1mCREATE TABLE "users" ("id" INTEGER PRIMARY KEY AUTOINCREMENT NOT NULL, "name" varchar, "email" varchar, "created_at" datetime NOT NULL, "updated_at" datetime NOT NULL) [0m
  [1m[35mSQL (0.2ms)[0m  INSERT INTO "schema_migrations" ("version") VALUES (?)  [["version", "20150102021916"]]
  [1m[36m (127.4ms)[0m  [1mcommit transaction[0m
  [1m[35mActiveRecord::SchemaMigration Load (0.1ms)[0m  SELECT "schema_migrations".* FROM "schema_migrations"
  [1m[36m (0.8ms)[0m  [1mbegin transaction[0m
  [1m[35m (0.2ms)[0m  SAVEPOINT active_record_1
  [1m[36mSQL (25.5ms)[0m  [1mINSERT INTO "users" ("name", "email", "created_at", "updated_at") VALUES (?, ?, ?, ?)[0m  [["name", "a"], ["email", "a@a.com"], ["created_at", "2015-01-02 03:46:38.219287"], ["updated_at", "2015-01-02 03:46:38.219287"]]
  [1m[35m (0.1ms)[0m  RELEASE SAVEPOINT active_record_1
  [1m[36m (0.2ms)[0m  [1mrollback transaction[0m
  [1m[36m (0.6ms)[0m  [1mbegin transaction[0m
  [1m[35m (0.2ms)[0m  SAVEPOINT active_record_1
  [1m[36mSQL (0.5ms)[0m  [1mINSERT INTO "users" ("name", "email", "created_at", "updated_at") VALUES (?, ?, ?, ?)[0m  [["name", "a"], ["email", "a@a.com"], ["created_at", "2015-01-02 03:47:35.615910"], ["updated_at", "2015-01-02 03:47:35.615910"]]
  [1m[35m (0.1ms)[0m  RELEASE SAVEPOINT active_record_1
  [1m[36m (0.2ms)[0m  [1mSAVEPOINT active_record_1[0m
  [1m[35mSQL (0.4ms)[0m  INSERT INTO "users" ("name", "email", "created_at", "updated_at") VALUES (?, ?, ?, ?)  [["name", "a"], ["email", "a@a.com"], ["created_at", "2015-01-02 03:50:15.818647"], ["updated_at", "2015-01-02 03:50:15.818647"]]
  [1m[36m (0.1ms)[0m  [1mRELEASE SAVEPOINT active_record_1[0m
  [1m[35m (0.4ms)[0m  rollback transaction
  [1m[36m (0.4ms)[0m  [1mbegin transaction[0m
  [1m[35m (0.2ms)[0m  SAVEPOINT active_record_1
  [1m[36mUser Exists (0.1ms)[0m  [1mSELECT  1 AS one FROM "users" WHERE "users"."email" = 'a@a.com' LIMIT 1[0m
  [1m[35mSQL (0.2ms)[0m  INSERT INTO "users" ("name", "email", "created_at", "updated_at") VALUES (?, ?, ?, ?)  [["name", "a"], ["email", "a@a.com"], ["created_at", "2015-01-02 03:51:52.618396"], ["updated_at", "2015-01-02 03:51:52.618396"]]
  [1m[36m (0.1ms)[0m  [1mRELEASE SAVEPOINT active_record_1[0m
  [1m[35mUser Exists (0.3ms)[0m  SELECT  1 AS one FROM "users" WHERE "users"."email" = 'a@a.com' LIMIT 1
  [1m[36mActiveRecord::SchemaMigration Load (0.1ms)[0m  [1mSELECT "schema_migrations".* FROM "schema_migrations"[0m
Migrating to AddIndexToUsersEmail (20150102035605)
  [1m[35m (0.1ms)[0m  begin transaction
  [1m[36m (0.1ms)[0m  [1mselect sqlite_version(*)[0m
  [1m[35m (0.5ms)[0m  CREATE UNIQUE INDEX "index_users_on_email" ON "users" ("email")
SQLite3::BusyException: database is locked: CREATE UNIQUE INDEX "index_users_on_email" ON "users" ("email")
  [1m[36m (0.0ms)[0m  [1mrollback transaction[0m
  [1m[36mActiveRecord::SchemaMigration Load (0.1ms)[0m  [1mSELECT "schema_migrations".* FROM "schema_migrations"[0m
Migrating to AddIndexToUsersEmail (20150102035605)
  [1m[35m (0.3ms)[0m  begin transaction
  [1m[36m (0.1ms)[0m  [1mselect sqlite_version(*)[0m
  [1m[35m (0.5ms)[0m  CREATE UNIQUE INDEX "index_users_on_email" ON "users" ("email")
SQLite3::BusyException: database is locked: CREATE UNIQUE INDEX "index_users_on_email" ON "users" ("email")
  [1m[36m (0.0ms)[0m  [1mrollback transaction[0m
  [1m[36m (0.3ms)[0m  [1mrollback transaction[0m
  [1m[36mActiveRecord::SchemaMigration Load (0.1ms)[0m  [1mSELECT "schema_migrations".* FROM "schema_migrations"[0m
Migrating to AddIndexToUsersEmail (20150102035605)
  [1m[35m (0.1ms)[0m  begin transaction
  [1m[36m (0.1ms)[0m  [1mselect sqlite_version(*)[0m
  [1m[35m (0.2ms)[0m  CREATE UNIQUE INDEX "index_users_on_email" ON "users" ("email")
  [1m[36mSQL (0.1ms)[0m  [1mINSERT INTO "schema_migrations" ("version") VALUES (?)[0m  [["version", "20150102035605"]]
  [1m[35m (210.8ms)[0m  commit transaction
  [1m[36mActiveRecord::SchemaMigration Load (0.1ms)[0m  [1mSELECT "schema_migrations".* FROM "schema_migrations"[0m
  [1m[35m (0.1ms)[0m              SELECT sql
            FROM sqlite_master
            WHERE name='index_users_on_email' AND type='index'
            UNION ALL
            SELECT sql
            FROM sqlite_temp_master
            WHERE name='index_users_on_email' AND type='index'

  [1m[36mActiveRecord::SchemaMigration Load (0.1ms)[0m  [1mSELECT "schema_migrations".* FROM "schema_migrations"[0m
Migrating to AddPasswordDigestToUsers (20150102041625)
  [1m[35m (0.1ms)[0m  begin transaction
  [1m[36m (0.3ms)[0m  [1mALTER TABLE "users" ADD "password_digest" varchar[0m
  [1m[35mSQL (0.1ms)[0m  INSERT INTO "schema_migrations" ("version") VALUES (?)  [["version", "20150102041625"]]
  [1m[36m (390.5ms)[0m  [1mcommit transaction[0m
  [1m[35mActiveRecord::SchemaMigration Load (0.1ms)[0m  SELECT "schema_migrations".* FROM "schema_migrations"
  [1m[36m (0.1ms)[0m  [1m            SELECT sql
            FROM sqlite_master
            WHERE name='index_users_on_email' AND type='index'
            UNION ALL
            SELECT sql
            FROM sqlite_temp_master
            WHERE name='index_users_on_email' AND type='index'
[0m
  [1m[36mUser Load (2.9ms)[0m  [1mSELECT "users".* FROM "users"[0m


Started GET "/" for 127.0.0.1 at 2015-01-05 20:23:42 +0800
  [1m[36mActiveRecord::SchemaMigration Load (0.1ms)[0m  [1mSELECT "schema_migrations".* FROM "schema_migrations"[0m
Processing by StaticPagesController#home as HTML
  Rendered static_pages/home.html.erb within layouts/application (28.7ms)
  Rendered layouts/_shim.html.erb (0.3ms)
  Rendered layouts/_header.html.erb (0.5ms)
  Rendered layouts/_footer.html.erb (0.3ms)
Completed 200 OK in 1278ms (Views: 1225.4ms | ActiveRecord: 0.0ms)


Started GET "/assets/custom.css?body=1" for 127.0.0.1 at 2015-01-05 20:23:44 +0800


Started GET "/assets/static_pages.css?body=1" for 127.0.0.1 at 2015-01-05 20:23:44 +0800


Started GET "/assets/users.css?body=1" for 127.0.0.1 at 2015-01-05 20:23:44 +0800


Started GET "/assets/application.css?body=1" for 127.0.0.1 at 2015-01-05 20:23:44 +0800


Started GET "/assets/turbolinks.js?body=1" for 127.0.0.1 at 2015-01-05 20:23:44 +0800


Started GET "/assets/jquery.js?body=1" for 127.0.0.1 at 2015-01-05 20:23:44 +0800


Started GET "/assets/jquery_ujs.js?body=1" for 127.0.0.1 at 2015-01-05 20:23:44 +0800


Started GET "/assets/static_pages.js?body=1" for 127.0.0.1 at 2015-01-05 20:23:44 +0800


Started GET "/assets/users.js?body=1" for 127.0.0.1 at 2015-01-05 20:23:44 +0800


Started GET "/assets/application.js?body=1" for 127.0.0.1 at 2015-01-05 20:23:44 +0800


Started GET "/assets/rails.png" for 127.0.0.1 at 2015-01-05 20:23:44 +0800
  [1m[35m (0.2ms)[0m  SELECT COUNT(*) FROM "users"
  [1m[36m (0.1ms)[0m  [1mbegin transaction[0m
  [1m[35mUser Exists (0.1ms)[0m  SELECT  1 AS one FROM "users" WHERE LOWER("users"."email") = LOWER('mhartl@example.com') LIMIT 1
  [1m[36m (0.1ms)[0m  [1mrollback transaction[0m
  [1m[35m (0.3ms)[0m  SELECT COUNT(*) FROM "users"
  [1m[36m (0.1ms)[0m  [1mbegin transaction[0m
  [1m[35mUser Exists (0.2ms)[0m  SELECT  1 AS one FROM "users" WHERE LOWER("users"."email") = LOWER('mhartl@example.com') LIMIT 1
  [1m[36m (0.1ms)[0m  [1mrollback transaction[0m
  [1m[35m (0.1ms)[0m  begin transaction
  [1m[36mUser Exists (0.1ms)[0m  [1mSELECT  1 AS one FROM "users" WHERE LOWER("users"."email") = LOWER('mhartl@example.com') LIMIT 1[0m
  [1m[35mSQL (0.2ms)[0m  INSERT INTO "users" ("name", "email", "password_digest", "created_at", "updated_at") VALUES (?, ?, ?, ?, ?)  [["name", "Michael Hartl"], ["email", "mhartl@example.com"], ["password_digest", "$2a$10$lwZZ5Jz/4JNu1mJ8AC5kF.2KH4zh.LxQcq0zKBy6iLif9qaqMBFNO"], ["created_at", "2015-01-05 12:28:49.331572"], ["updated_at", "2015-01-05 12:28:49.331572"]]
  [1m[36m (274.1ms)[0m  [1mcommit transaction[0m
  [1m[35m (0.3ms)[0m  SELECT COUNT(*) FROM "users"


Started GET "/users/13/" for 127.0.0.1 at 2015-01-05 20:29:19 +0800
Processing by UsersController#show as HTML
  Parameters: {"id"=>"13"}
  [1m[35mUser Load (0.2ms)[0m  SELECT  "users".* FROM "users" WHERE "users"."id" = ? LIMIT 1  [["id", 13]]
Completed 404 Not Found in 29ms

ActiveRecord::RecordNotFound (Couldn't find User with 'id'=13):
  app/controllers/users_controller.rb:6:in `show'


  Rendered /home/qingxp9/.rvm/gems/ruby-2.2.0/gems/web-console-2.0.0/lib/action_dispatch/templates/rescues/_source.erb (5.1ms)
  Rendered /home/qingxp9/.rvm/gems/ruby-2.2.0/gems/web-console-2.0.0/lib/action_dispatch/templates/rescues/_trace.html.erb (2.0ms)
  Rendered /home/qingxp9/.rvm/gems/ruby-2.2.0/gems/web-console-2.0.0/lib/action_dispatch/templates/rescues/_request_and_response.html.erb (0.7ms)
  Rendered /home/qingxp9/.rvm/gems/ruby-2.2.0/gems/web-console-2.0.0/lib/action_dispatch/templates/rescues/_web_console.html.erb (0.8ms)
  Rendered /home/qingxp9/.rvm/gems/ruby-2.2.0/gems/web-console-2.0.0/lib/action_dispatch/templates/rescues/diagnostics.html.erb within rescues/layout (77.7ms)


Started GET "/users/13/" for 127.0.0.1 at 2015-01-05 20:29:21 +0800
Processing by UsersController#show as HTML
  Parameters: {"id"=>"13"}
  [1m[36mUser Load (0.1ms)[0m  [1mSELECT  "users".* FROM "users" WHERE "users"."id" = ? LIMIT 1[0m  [["id", 13]]
Completed 404 Not Found in 1ms

ActiveRecord::RecordNotFound (Couldn't find User with 'id'=13):
  app/controllers/users_controller.rb:6:in `show'


  Rendered /home/qingxp9/.rvm/gems/ruby-2.2.0/gems/web-console-2.0.0/lib/action_dispatch/templates/rescues/_source.erb (4.2ms)
  Rendered /home/qingxp9/.rvm/gems/ruby-2.2.0/gems/web-console-2.0.0/lib/action_dispatch/templates/rescues/_trace.html.erb (1.8ms)
  Rendered /home/qingxp9/.rvm/gems/ruby-2.2.0/gems/web-console-2.0.0/lib/action_dispatch/templates/rescues/_request_and_response.html.erb (0.6ms)
  Rendered /home/qingxp9/.rvm/gems/ruby-2.2.0/gems/web-console-2.0.0/lib/action_dispatch/templates/rescues/_web_console.html.erb (0.7ms)
  Rendered /home/qingxp9/.rvm/gems/ruby-2.2.0/gems/web-console-2.0.0/lib/action_dispatch/templates/rescues/diagnostics.html.erb within rescues/layout (19.2ms)


Started GET "/users/1/" for 127.0.0.1 at 2015-01-05 20:29:26 +0800
Processing by UsersController#show as HTML
  Parameters: {"id"=>"1"}
  [1m[35mUser Load (0.1ms)[0m  SELECT  "users".* FROM "users" WHERE "users"."id" = ? LIMIT 1  [["id", 1]]
  Rendered users/show.html.erb within layouts/application (0.3ms)
  Rendered layouts/_shim.html.erb (0.0ms)
  Rendered layouts/_header.html.erb (0.4ms)
  Rendered layouts/_footer.html.erb (0.1ms)
Completed 200 OK in 57ms (Views: 52.9ms | ActiveRecord: 0.1ms)


Started GET "/assets/custom.css?body=1" for 127.0.0.1 at 2015-01-05 20:29:26 +0800


Started GET "/assets/users.css?body=1" for 127.0.0.1 at 2015-01-05 20:29:26 +0800


Started GET "/assets/static_pages.css?body=1" for 127.0.0.1 at 2015-01-05 20:29:26 +0800


Started GET "/assets/jquery.js?body=1" for 127.0.0.1 at 2015-01-05 20:29:26 +0800


Started GET "/assets/application.css?body=1" for 127.0.0.1 at 2015-01-05 20:29:26 +0800


Started GET "/assets/jquery_ujs.js?body=1" for 127.0.0.1 at 2015-01-05 20:29:26 +0800


Started GET "/assets/turbolinks.js?body=1" for 127.0.0.1 at 2015-01-05 20:29:26 +0800


Started GET "/assets/static_pages.js?body=1" for 127.0.0.1 at 2015-01-05 20:29:26 +0800


Started GET "/assets/users.js?body=1" for 127.0.0.1 at 2015-01-05 20:29:26 +0800


Started GET "/assets/application.js?body=1" for 127.0.0.1 at 2015-01-05 20:29:26 +0800


Started GET "/users/1/" for 127.0.0.1 at 2015-01-05 20:32:23 +0800
  [1m[36mActiveRecord::SchemaMigration Load (0.1ms)[0m  [1mSELECT "schema_migrations".* FROM "schema_migrations"[0m
Processing by UsersController#show as HTML
  Parameters: {"id"=>"1"}
  [1m[35mUser Load (0.2ms)[0m  SELECT  "users".* FROM "users" WHERE "users"."id" = ? LIMIT 1  [["id", 1]]
  Rendered users/show.html.erb within layouts/application (0.9ms)
  Rendered layouts/_shim.html.erb (0.3ms)
  Rendered layouts/_header.html.erb (0.6ms)
  Rendered layouts/_footer.html.erb (0.3ms)
Completed 200 OK in 1745ms (Views: 1726.2ms | ActiveRecord: 0.4ms)


Started GET "/assets/custom.css?body=1" for 127.0.0.1 at 2015-01-05 20:32:25 +0800


Started GET "/assets/static_pages.css?body=1" for 127.0.0.1 at 2015-01-05 20:32:25 +0800


Started GET "/assets/application.css?body=1" for 127.0.0.1 at 2015-01-05 20:32:25 +0800


Started GET "/assets/users.css?body=1" for 127.0.0.1 at 2015-01-05 20:32:25 +0800


Started GET "/assets/jquery.js?body=1" for 127.0.0.1 at 2015-01-05 20:32:25 +0800


Started GET "/assets/jquery_ujs.js?body=1" for 127.0.0.1 at 2015-01-05 20:32:25 +0800


Started GET "/assets/turbolinks.js?body=1" for 127.0.0.1 at 2015-01-05 20:32:25 +0800


Started GET "/assets/static_pages.js?body=1" for 127.0.0.1 at 2015-01-05 20:32:25 +0800


Started GET "/assets/users.js?body=1" for 127.0.0.1 at 2015-01-05 20:32:25 +0800


Started GET "/assets/application.js?body=1" for 127.0.0.1 at 2015-01-05 20:32:25 +0800


Started GET "/users/1/" for 127.0.0.1 at 2015-01-05 20:32:27 +0800
Processing by UsersController#show as HTML
  Parameters: {"id"=>"1"}
  [1m[36mUser Load (0.1ms)[0m  [1mSELECT  "users".* FROM "users" WHERE "users"."id" = ? LIMIT 1[0m  [["id", 1]]
  Rendered users/show.html.erb within layouts/application (0.1ms)
  Rendered layouts/_shim.html.erb (0.0ms)
  Rendered layouts/_header.html.erb (0.2ms)
  Rendered layouts/_footer.html.erb (0.1ms)
Completed 200 OK in 80ms (Views: 78.8ms | ActiveRecord: 0.1ms)


Started GET "/assets/custom.css?body=1" for 127.0.0.1 at 2015-01-05 20:32:27 +0800


Started GET "/assets/static_pages.css?body=1" for 127.0.0.1 at 2015-01-05 20:32:27 +0800


Started GET "/assets/users.css?body=1" for 127.0.0.1 at 2015-01-05 20:32:27 +0800


Started GET "/assets/jquery.js?body=1" for 127.0.0.1 at 2015-01-05 20:32:27 +0800


Started GET "/assets/application.css?body=1" for 127.0.0.1 at 2015-01-05 20:32:27 +0800


Started GET "/assets/jquery_ujs.js?body=1" for 127.0.0.1 at 2015-01-05 20:32:27 +0800


Started GET "/assets/turbolinks.js?body=1" for 127.0.0.1 at 2015-01-05 20:32:27 +0800


Started GET "/assets/static_pages.js?body=1" for 127.0.0.1 at 2015-01-05 20:32:27 +0800


Started GET "/assets/users.js?body=1" for 127.0.0.1 at 2015-01-05 20:32:27 +0800


Started GET "/assets/application.js?body=1" for 127.0.0.1 at 2015-01-05 20:32:27 +0800


Started GET "/users/1/" for 127.0.0.1 at 2015-01-05 20:34:11 +0800
Processing by UsersController#show as HTML
  Parameters: {"id"=>"1"}
  [1m[35mUser Load (0.1ms)[0m  SELECT  "users".* FROM "users" WHERE "users"."id" = ? LIMIT 1  [["id", 1]]
  Rendered users/show.html.erb within layouts/application (0.8ms)
  Rendered layouts/_shim.html.erb (0.2ms)
  Rendered layouts/_header.html.erb (1.2ms)
  Rendered layouts/_footer.html.erb (0.6ms)
Completed 200 OK in 39836ms (Views: 214.3ms | ActiveRecord: 0.5ms)


Started GET "/assets/custom.css?body=1" for 127.0.0.1 at 2015-01-05 20:34:50 +0800


Started GET "/assets/users.css?body=1" for 127.0.0.1 at 2015-01-05 20:34:50 +0800


Started GET "/assets/jquery.js?body=1" for 127.0.0.1 at 2015-01-05 20:34:50 +0800


Started GET "/assets/jquery_ujs.js?body=1" for 127.0.0.1 at 2015-01-05 20:34:51 +0800


Started GET "/assets/turbolinks.js?body=1" for 127.0.0.1 at 2015-01-05 20:34:51 +0800


Started GET "/assets/static_pages.css?body=1" for 127.0.0.1 at 2015-01-05 20:34:51 +0800


Started GET "/assets/static_pages.js?body=1" for 127.0.0.1 at 2015-01-05 20:34:51 +0800


Started GET "/assets/application.css?body=1" for 127.0.0.1 at 2015-01-05 20:34:51 +0800


Started GET "/assets/users.js?body=1" for 127.0.0.1 at 2015-01-05 20:34:51 +0800


Started GET "/assets/application.js?body=1" for 127.0.0.1 at 2015-01-05 20:34:51 +0800


Started GET "/users/1/" for 127.0.0.1 at 2015-01-05 20:40:42 +0800
Processing by UsersController#show as HTML
  Parameters: {"id"=>"1"}
  [1m[36mUser Load (0.4ms)[0m  [1mSELECT  "users".* FROM "users" WHERE "users"."id" = ? LIMIT 1[0m  [["id", 1]]
  Rendered users/show.html.erb within layouts/application (1.4ms)
  Rendered layouts/_shim.html.erb (0.1ms)
  Rendered layouts/_header.html.erb (1.2ms)
  Rendered layouts/_footer.html.erb (0.9ms)
Completed 200 OK in 258ms (Views: 234.8ms | ActiveRecord: 1.5ms)


Started GET "/assets/custom.css?body=1" for 127.0.0.1 at 2015-01-05 20:40:42 +0800


Started GET "/assets/application.css?body=1" for 127.0.0.1 at 2015-01-05 20:40:42 +0800


Started GET "/assets/static_pages.css?body=1" for 127.0.0.1 at 2015-01-05 20:40:42 +0800


Started GET "/assets/turbolinks.js?body=1" for 127.0.0.1 at 2015-01-05 20:40:42 +0800


Started GET "/assets/jquery.js?body=1" for 127.0.0.1 at 2015-01-05 20:40:42 +0800


Started GET "/assets/jquery_ujs.js?body=1" for 127.0.0.1 at 2015-01-05 20:40:42 +0800


Started GET "/assets/static_pages.js?body=1" for 127.0.0.1 at 2015-01-05 20:40:42 +0800


Started GET "/assets/users.css?body=1" for 127.0.0.1 at 2015-01-05 20:40:42 +0800


Started GET "/assets/application.js?body=1" for 127.0.0.1 at 2015-01-05 20:40:42 +0800


Started GET "/assets/users.js?body=1" for 127.0.0.1 at 2015-01-05 20:40:42 +0800


Started GET "/users/" for 127.0.0.1 at 2015-01-05 20:48:01 +0800

AbstractController::ActionNotFound (The action 'index' could not be found for UsersController):
  actionpack (4.2.0) lib/abstract_controller/base.rb:132:in `process'
  actionview (4.2.0) lib/action_view/rendering.rb:30:in `process'
  actionpack (4.2.0) lib/action_controller/metal.rb:195:in `dispatch'
  actionpack (4.2.0) lib/action_controller/metal/rack_delegation.rb:13:in `dispatch'
  actionpack (4.2.0) lib/action_controller/metal.rb:236:in `block in action'
  actionpack (4.2.0) lib/action_dispatch/routing/route_set.rb:73:in `call'
  actionpack (4.2.0) lib/action_dispatch/routing/route_set.rb:73:in `dispatch'
  actionpack (4.2.0) lib/action_dispatch/routing/route_set.rb:42:in `serve'
  actionpack (4.2.0) lib/action_dispatch/journey/router.rb:43:in `block in serve'
  actionpack (4.2.0) lib/action_dispatch/journey/router.rb:30:in `each'
  actionpack (4.2.0) lib/action_dispatch/journey/router.rb:30:in `serve'
  actionpack (4.2.0) lib/action_dispatch/routing/route_set.rb:802:in `call'
  rack (1.6.0) lib/rack/etag.rb:24:in `call'
  rack (1.6.0) lib/rack/conditionalget.rb:25:in `call'
  rack (1.6.0) lib/rack/head.rb:13:in `call'
  actionpack (4.2.0) lib/action_dispatch/middleware/params_parser.rb:27:in `call'
  actionpack (4.2.0) lib/action_dispatch/middleware/flash.rb:260:in `call'
  rack (1.6.0) lib/rack/session/abstract/id.rb:225:in `context'
  rack (1.6.0) lib/rack/session/abstract/id.rb:220:in `call'
  actionpack (4.2.0) lib/action_dispatch/middleware/cookies.rb:560:in `call'
  activerecord (4.2.0) lib/active_record/query_cache.rb:36:in `call'
  activerecord (4.2.0) lib/active_record/connection_adapters/abstract/connection_pool.rb:647:in `call'
  activerecord (4.2.0) lib/active_record/migration.rb:378:in `call'
  actionpack (4.2.0) lib/action_dispatch/middleware/callbacks.rb:29:in `block in call'
  activesupport (4.2.0) lib/active_support/callbacks.rb:88:in `call'
  activesupport (4.2.0) lib/active_support/callbacks.rb:88:in `_run_callbacks'
  activesupport (4.2.0) lib/active_support/callbacks.rb:734:in `_run_call_callbacks'
  activesupport (4.2.0) lib/active_support/callbacks.rb:81:in `run_callbacks'
  actionpack (4.2.0) lib/action_dispatch/middleware/callbacks.rb:27:in `call'
  actionpack (4.2.0) lib/action_dispatch/middleware/reloader.rb:73:in `call'
  actionpack (4.2.0) lib/action_dispatch/middleware/remote_ip.rb:78:in `call'
  web-console (2.0.0) lib/action_dispatch/debug_exceptions.rb:18:in `middleware_call'
  web-console (2.0.0) lib/action_dispatch/debug_exceptions.rb:13:in `call'
  actionpack (4.2.0) lib/action_dispatch/middleware/show_exceptions.rb:30:in `call'
  railties (4.2.0) lib/rails/rack/logger.rb:38:in `call_app'
  railties (4.2.0) lib/rails/rack/logger.rb:20:in `block in call'
  activesupport (4.2.0) lib/active_support/tagged_logging.rb:68:in `block in tagged'
  activesupport (4.2.0) lib/active_support/tagged_logging.rb:26:in `tagged'
  activesupport (4.2.0) lib/active_support/tagged_logging.rb:68:in `tagged'
  railties (4.2.0) lib/rails/rack/logger.rb:20:in `call'
  actionpack (4.2.0) lib/action_dispatch/middleware/request_id.rb:21:in `call'
  rack (1.6.0) lib/rack/methodoverride.rb:22:in `call'
  rack (1.6.0) lib/rack/runtime.rb:18:in `call'
  activesupport (4.2.0) lib/active_support/cache/strategy/local_cache_middleware.rb:28:in `call'
  rack (1.6.0) lib/rack/lock.rb:17:in `call'
  actionpack (4.2.0) lib/action_dispatch/middleware/static.rb:113:in `call'
  rack (1.6.0) lib/rack/sendfile.rb:113:in `call'
  railties (4.2.0) lib/rails/engine.rb:518:in `call'
  railties (4.2.0) lib/rails/application.rb:164:in `call'
  rack (1.6.0) lib/rack/lock.rb:17:in `call'
  rack (1.6.0) lib/rack/content_length.rb:15:in `call'
  rack (1.6.0) lib/rack/handler/webrick.rb:89:in `service'
  /home/qingxp9/.rvm/rubies/ruby-2.2.0/lib/ruby/2.2.0/webrick/httpserver.rb:138:in `service'
  /home/qingxp9/.rvm/rubies/ruby-2.2.0/lib/ruby/2.2.0/webrick/httpserver.rb:94:in `run'
  /home/qingxp9/.rvm/rubies/ruby-2.2.0/lib/ruby/2.2.0/webrick/server.rb:294:in `block in start_thread'


  Rendered /home/qingxp9/.rvm/gems/ruby-2.2.0/gems/web-console-2.0.0/lib/action_dispatch/templates/rescues/unknown_action.html.erb within rescues/layout (0.8ms)


Started GET "/signup" for 127.0.0.1 at 2015-01-05 20:48:07 +0800
Processing by UsersController#new as HTML
  Rendered users/new.html.erb within layouts/application (102.3ms)
  Rendered layouts/_shim.html.erb (0.2ms)
  Rendered layouts/_header.html.erb (1.2ms)
  Rendered layouts/_footer.html.erb (0.7ms)
Completed 200 OK in 6479ms (Views: 6460.9ms | ActiveRecord: 0.9ms)


Started GET "/assets/custom.css?body=1" for 127.0.0.1 at 2015-01-05 20:48:13 +0800


Started GET "/assets/static_pages.css?body=1" for 127.0.0.1 at 2015-01-05 20:48:13 +0800


Started GET "/assets/application.css?body=1" for 127.0.0.1 at 2015-01-05 20:48:13 +0800


Started GET "/assets/users.css?body=1" for 127.0.0.1 at 2015-01-05 20:48:13 +0800


Started GET "/assets/jquery_ujs.js?body=1" for 127.0.0.1 at 2015-01-05 20:48:13 +0800


Started GET "/assets/jquery.js?body=1" for 127.0.0.1 at 2015-01-05 20:48:13 +0800


Started GET "/assets/turbolinks.js?body=1" for 127.0.0.1 at 2015-01-05 20:48:13 +0800


Started GET "/assets/static_pages.js?body=1" for 127.0.0.1 at 2015-01-05 20:48:13 +0800


Started GET "/assets/users.js?body=1" for 127.0.0.1 at 2015-01-05 20:48:13 +0800


Started GET "/assets/application.js?body=1" for 127.0.0.1 at 2015-01-05 20:48:13 +0800


Started POST "/users" for 127.0.0.1 at 2015-01-05 20:48:26 +0800
Processing by UsersController#create as HTML
  Parameters: {"utf8"=>"✓", "authenticity_token"=>"3PpZqzMyL0GqczBWReZAk08HsGtj+4lQAbkbxJul71lUyFRnt6JNHu36fvFXWHx9NmgsiUVNdnJG9/FVUp8emA==", "user"=>{"name"=>"1", "email"=>"1@1.com", "password"=>"[FILTERED]", "password_confirmation"=>"[FILTERED]"}, "commit"=>"Create my account"}
Completed 500 Internal Server Error in 5ms

ActiveModel::ForbiddenAttributesError (ActiveModel::ForbiddenAttributesError):
  app/controllers/users_controller.rb:11:in `create'


  Rendered /home/qingxp9/.rvm/gems/ruby-2.2.0/gems/web-console-2.0.0/lib/action_dispatch/templates/rescues/_source.erb (72.3ms)
  Rendered /home/qingxp9/.rvm/gems/ruby-2.2.0/gems/web-console-2.0.0/lib/action_dispatch/templates/rescues/_trace.html.erb (18.6ms)
  Rendered /home/qingxp9/.rvm/gems/ruby-2.2.0/gems/web-console-2.0.0/lib/action_dispatch/templates/rescues/_request_and_response.html.erb (2.5ms)
  Rendered /home/qingxp9/.rvm/gems/ruby-2.2.0/gems/web-console-2.0.0/lib/action_dispatch/templates/rescues/_web_console.html.erb (1.3ms)
  Rendered /home/qingxp9/.rvm/gems/ruby-2.2.0/gems/web-console-2.0.0/lib/action_dispatch/templates/rescues/diagnostics.html.erb within rescues/layout (113.7ms)


Started GET "/signup" for 127.0.0.1 at 2015-01-05 20:59:12 +0800
Processing by UsersController#new as HTML
  Rendered shared/_error_messages.html.erb (0.9ms)
  Rendered users/new.html.erb within layouts/application (13.7ms)
  Rendered layouts/_shim.html.erb (0.2ms)
  Rendered layouts/_header.html.erb (1.2ms)
  Rendered layouts/_footer.html.erb (0.7ms)
Completed 200 OK in 6638ms (Views: 6619.6ms | ActiveRecord: 1.0ms)


Started GET "/assets/custom.css?body=1" for 127.0.0.1 at 2015-01-05 20:59:19 +0800


Started GET "/assets/static_pages.css?body=1" for 127.0.0.1 at 2015-01-05 20:59:19 +0800


Started GET "/assets/users.css?body=1" for 127.0.0.1 at 2015-01-05 20:59:19 +0800


Started GET "/assets/jquery.js?body=1" for 127.0.0.1 at 2015-01-05 20:59:19 +0800


Started GET "/assets/static_pages.js?body=1" for 127.0.0.1 at 2015-01-05 20:59:19 +0800


Started GET "/assets/jquery_ujs.js?body=1" for 127.0.0.1 at 2015-01-05 20:59:19 +0800


Started GET "/assets/application.css?body=1" for 127.0.0.1 at 2015-01-05 20:59:19 +0800


Started GET "/assets/turbolinks.js?body=1" for 127.0.0.1 at 2015-01-05 20:59:19 +0800


Started GET "/assets/users.js?body=1" for 127.0.0.1 at 2015-01-05 20:59:20 +0800


Started GET "/assets/application.js?body=1" for 127.0.0.1 at 2015-01-05 20:59:20 +0800


Started POST "/users" for 127.0.0.1 at 2015-01-05 20:59:28 +0800
Processing by UsersController#create as HTML
  Parameters: {"utf8"=>"✓", "authenticity_token"=>"TzEoRay1VLgWtAJxVcAOnxF7BqPwbt/i8FVhVVR6ANjHAyWJKCU251E9TNZHfjJxaBSaQdbYIMC3G4vEnUDxGQ==", "user"=>{"name"=>"a", "email"=>"1@1.com", "password"=>"[FILTERED]", "password_confirmation"=>"[FILTERED]"}, "commit"=>"Create my account"}
  [1m[35m (0.6ms)[0m  begin transaction
  [1m[36mUser Exists (0.3ms)[0m  [1mSELECT  1 AS one FROM "users" WHERE LOWER("users"."email") = LOWER('1@1.com') LIMIT 1[0m
  [1m[35m (0.4ms)[0m  rollback transaction
  Rendered shared/_error_messages.html.erb (3.7ms)
  Rendered users/new.html.erb within layouts/application (19.0ms)
  Rendered layouts/_shim.html.erb (0.2ms)
  Rendered layouts/_header.html.erb (1.5ms)
  Rendered layouts/_footer.html.erb (0.9ms)
Completed 200 OK in 411ms (Views: 312.6ms | ActiveRecord: 1.3ms)


Started GET "/assets/custom.css?body=1" for 127.0.0.1 at 2015-01-05 20:59:29 +0800


Started GET "/assets/static_pages.css?body=1" for 127.0.0.1 at 2015-01-05 20:59:29 +0800


Started GET "/assets/users.css?body=1" for 127.0.0.1 at 2015-01-05 20:59:29 +0800


Started GET "/assets/application.css?body=1" for 127.0.0.1 at 2015-01-05 20:59:29 +0800


Started GET "/assets/jquery.js?body=1" for 127.0.0.1 at 2015-01-05 20:59:29 +0800


Started GET "/assets/jquery_ujs.js?body=1" for 127.0.0.1 at 2015-01-05 20:59:29 +0800


Started GET "/assets/turbolinks.js?body=1" for 127.0.0.1 at 2015-01-05 20:59:29 +0800


Started GET "/assets/static_pages.js?body=1" for 127.0.0.1 at 2015-01-05 20:59:29 +0800


Started GET "/assets/users.js?body=1" for 127.0.0.1 at 2015-01-05 20:59:29 +0800


Started GET "/assets/application.js?body=1" for 127.0.0.1 at 2015-01-05 20:59:29 +0800
  [1m[36m (187.4ms)[0m  [1mCREATE TABLE "users" ("id" INTEGER PRIMARY KEY AUTOINCREMENT NOT NULL, "name" varchar, "email" varchar, "created_at" datetime NOT NULL, "updated_at" datetime NOT NULL, "password_digest" varchar) [0m
  [1m[35m (0.1ms)[0m  select sqlite_version(*)
  [1m[36m (164.8ms)[0m  [1mCREATE UNIQUE INDEX "index_users_on_email" ON "users" ("email")[0m
  [1m[35m (170.7ms)[0m  CREATE TABLE "schema_migrations" ("version" varchar NOT NULL) 
  [1m[36m (166.0ms)[0m  [1mCREATE UNIQUE INDEX "unique_schema_migrations" ON "schema_migrations" ("version")[0m
  [1m[35m (0.2ms)[0m  SELECT version FROM "schema_migrations"
  [1m[36m (165.9ms)[0m  [1mINSERT INTO "schema_migrations" (version) VALUES ('20150102041625')[0m
  [1m[35m (196.9ms)[0m  INSERT INTO "schema_migrations" (version) VALUES ('20150102035605')
  [1m[36m (166.8ms)[0m  [1mINSERT INTO "schema_migrations" (version) VALUES ('20150102021916')[0m
  [1m[35m (164.1ms)[0m  CREATE TABLE "users" ("id" INTEGER PRIMARY KEY AUTOINCREMENT NOT NULL, "name" varchar, "email" varchar, "created_at" datetime NOT NULL, "updated_at" datetime NOT NULL, "password_digest" varchar) 
  [1m[36m (0.2ms)[0m  [1mselect sqlite_version(*)[0m
  [1m[35m (165.2ms)[0m  CREATE UNIQUE INDEX "index_users_on_email" ON "users" ("email")
  [1m[36m (166.2ms)[0m  [1mCREATE TABLE "schema_migrations" ("version" varchar NOT NULL) [0m
  [1m[35m (165.7ms)[0m  CREATE UNIQUE INDEX "unique_schema_migrations" ON "schema_migrations" ("version")
  [1m[36m (0.3ms)[0m  [1mSELECT version FROM "schema_migrations"[0m
  [1m[35m (211.6ms)[0m  INSERT INTO "schema_migrations" (version) VALUES ('20150102041625')
  [1m[36m (166.8ms)[0m  [1mINSERT INTO "schema_migrations" (version) VALUES ('20150102035605')[0m
  [1m[35m (167.0ms)[0m  INSERT INTO "schema_migrations" (version) VALUES ('20150102021916')
  [1m[36mActiveRecord::SchemaMigration Load (0.2ms)[0m  [1mSELECT "schema_migrations".* FROM "schema_migrations"[0m


Started GET "/users" for 127.0.0.1 at 2015-01-05 21:10:07 +0800
  [1m[36mActiveRecord::SchemaMigration Load (0.1ms)[0m  [1mSELECT "schema_migrations".* FROM "schema_migrations"[0m

AbstractController::ActionNotFound (The action 'index' could not be found for UsersController):
  actionpack (4.2.0) lib/abstract_controller/base.rb:132:in `process'
  actionview (4.2.0) lib/action_view/rendering.rb:30:in `process'
  actionpack (4.2.0) lib/action_controller/metal.rb:195:in `dispatch'
  actionpack (4.2.0) lib/action_controller/metal/rack_delegation.rb:13:in `dispatch'
  actionpack (4.2.0) lib/action_controller/metal.rb:236:in `block in action'
  actionpack (4.2.0) lib/action_dispatch/routing/route_set.rb:73:in `call'
  actionpack (4.2.0) lib/action_dispatch/routing/route_set.rb:73:in `dispatch'
  actionpack (4.2.0) lib/action_dispatch/routing/route_set.rb:42:in `serve'
  actionpack (4.2.0) lib/action_dispatch/journey/router.rb:43:in `block in serve'
  actionpack (4.2.0) lib/action_dispatch/journey/router.rb:30:in `each'
  actionpack (4.2.0) lib/action_dispatch/journey/router.rb:30:in `serve'
  actionpack (4.2.0) lib/action_dispatch/routing/route_set.rb:802:in `call'
  rack (1.6.0) lib/rack/etag.rb:24:in `call'
  rack (1.6.0) lib/rack/conditionalget.rb:25:in `call'
  rack (1.6.0) lib/rack/head.rb:13:in `call'
  actionpack (4.2.0) lib/action_dispatch/middleware/params_parser.rb:27:in `call'
  actionpack (4.2.0) lib/action_dispatch/middleware/flash.rb:260:in `call'
  rack (1.6.0) lib/rack/session/abstract/id.rb:225:in `context'
  rack (1.6.0) lib/rack/session/abstract/id.rb:220:in `call'
  actionpack (4.2.0) lib/action_dispatch/middleware/cookies.rb:560:in `call'
  activerecord (4.2.0) lib/active_record/query_cache.rb:36:in `call'
  activerecord (4.2.0) lib/active_record/connection_adapters/abstract/connection_pool.rb:647:in `call'
  activerecord (4.2.0) lib/active_record/migration.rb:378:in `call'
  actionpack (4.2.0) lib/action_dispatch/middleware/callbacks.rb:29:in `block in call'
  activesupport (4.2.0) lib/active_support/callbacks.rb:88:in `call'
  activesupport (4.2.0) lib/active_support/callbacks.rb:88:in `_run_callbacks'
  activesupport (4.2.0) lib/active_support/callbacks.rb:734:in `_run_call_callbacks'
  activesupport (4.2.0) lib/active_support/callbacks.rb:81:in `run_callbacks'
  actionpack (4.2.0) lib/action_dispatch/middleware/callbacks.rb:27:in `call'
  actionpack (4.2.0) lib/action_dispatch/middleware/reloader.rb:73:in `call'
  actionpack (4.2.0) lib/action_dispatch/middleware/remote_ip.rb:78:in `call'
  web-console (2.0.0) lib/action_dispatch/debug_exceptions.rb:18:in `middleware_call'
  web-console (2.0.0) lib/action_dispatch/debug_exceptions.rb:13:in `call'
  actionpack (4.2.0) lib/action_dispatch/middleware/show_exceptions.rb:30:in `call'
  railties (4.2.0) lib/rails/rack/logger.rb:38:in `call_app'
  railties (4.2.0) lib/rails/rack/logger.rb:20:in `block in call'
  activesupport (4.2.0) lib/active_support/tagged_logging.rb:68:in `block in tagged'
  activesupport (4.2.0) lib/active_support/tagged_logging.rb:26:in `tagged'
  activesupport (4.2.0) lib/active_support/tagged_logging.rb:68:in `tagged'
  railties (4.2.0) lib/rails/rack/logger.rb:20:in `call'
  actionpack (4.2.0) lib/action_dispatch/middleware/request_id.rb:21:in `call'
  rack (1.6.0) lib/rack/methodoverride.rb:22:in `call'
  rack (1.6.0) lib/rack/runtime.rb:18:in `call'
  activesupport (4.2.0) lib/active_support/cache/strategy/local_cache_middleware.rb:28:in `call'
  rack (1.6.0) lib/rack/lock.rb:17:in `call'
  actionpack (4.2.0) lib/action_dispatch/middleware/static.rb:113:in `call'
  rack (1.6.0) lib/rack/sendfile.rb:113:in `call'
  railties (4.2.0) lib/rails/engine.rb:518:in `call'
  railties (4.2.0) lib/rails/application.rb:164:in `call'
  rack (1.6.0) lib/rack/lock.rb:17:in `call'
  rack (1.6.0) lib/rack/content_length.rb:15:in `call'
  rack (1.6.0) lib/rack/handler/webrick.rb:89:in `service'
  /home/qingxp9/.rvm/rubies/ruby-2.2.0/lib/ruby/2.2.0/webrick/httpserver.rb:138:in `service'
  /home/qingxp9/.rvm/rubies/ruby-2.2.0/lib/ruby/2.2.0/webrick/httpserver.rb:94:in `run'
  /home/qingxp9/.rvm/rubies/ruby-2.2.0/lib/ruby/2.2.0/webrick/server.rb:294:in `block in start_thread'


  Rendered /home/qingxp9/.rvm/gems/ruby-2.2.0/gems/web-console-2.0.0/lib/action_dispatch/templates/rescues/unknown_action.html.erb within rescues/layout (0.9ms)


Started GET "/users" for 127.0.0.1 at 2015-01-05 21:10:08 +0800

AbstractController::ActionNotFound (The action 'index' could not be found for UsersController):
  actionpack (4.2.0) lib/abstract_controller/base.rb:132:in `process'
  actionview (4.2.0) lib/action_view/rendering.rb:30:in `process'
  actionpack (4.2.0) lib/action_controller/metal.rb:195:in `dispatch'
  actionpack (4.2.0) lib/action_controller/metal/rack_delegation.rb:13:in `dispatch'
  actionpack (4.2.0) lib/action_controller/metal.rb:236:in `block in action'
  actionpack (4.2.0) lib/action_dispatch/routing/route_set.rb:73:in `call'
  actionpack (4.2.0) lib/action_dispatch/routing/route_set.rb:73:in `dispatch'
  actionpack (4.2.0) lib/action_dispatch/routing/route_set.rb:42:in `serve'
  actionpack (4.2.0) lib/action_dispatch/journey/router.rb:43:in `block in serve'
  actionpack (4.2.0) lib/action_dispatch/journey/router.rb:30:in `each'
  actionpack (4.2.0) lib/action_dispatch/journey/router.rb:30:in `serve'
  actionpack (4.2.0) lib/action_dispatch/routing/route_set.rb:802:in `call'
  rack (1.6.0) lib/rack/etag.rb:24:in `call'
  rack (1.6.0) lib/rack/conditionalget.rb:25:in `call'
  rack (1.6.0) lib/rack/head.rb:13:in `call'
  actionpack (4.2.0) lib/action_dispatch/middleware/params_parser.rb:27:in `call'
  actionpack (4.2.0) lib/action_dispatch/middleware/flash.rb:260:in `call'
  rack (1.6.0) lib/rack/session/abstract/id.rb:225:in `context'
  rack (1.6.0) lib/rack/session/abstract/id.rb:220:in `call'
  actionpack (4.2.0) lib/action_dispatch/middleware/cookies.rb:560:in `call'
  activerecord (4.2.0) lib/active_record/query_cache.rb:36:in `call'
  activerecord (4.2.0) lib/active_record/connection_adapters/abstract/connection_pool.rb:647:in `call'
  activerecord (4.2.0) lib/active_record/migration.rb:378:in `call'
  actionpack (4.2.0) lib/action_dispatch/middleware/callbacks.rb:29:in `block in call'
  activesupport (4.2.0) lib/active_support/callbacks.rb:88:in `call'
  activesupport (4.2.0) lib/active_support/callbacks.rb:88:in `_run_callbacks'
  activesupport (4.2.0) lib/active_support/callbacks.rb:734:in `_run_call_callbacks'
  activesupport (4.2.0) lib/active_support/callbacks.rb:81:in `run_callbacks'
  actionpack (4.2.0) lib/action_dispatch/middleware/callbacks.rb:27:in `call'
  actionpack (4.2.0) lib/action_dispatch/middleware/reloader.rb:73:in `call'
  actionpack (4.2.0) lib/action_dispatch/middleware/remote_ip.rb:78:in `call'
  web-console (2.0.0) lib/action_dispatch/debug_exceptions.rb:18:in `middleware_call'
  web-console (2.0.0) lib/action_dispatch/debug_exceptions.rb:13:in `call'
  actionpack (4.2.0) lib/action_dispatch/middleware/show_exceptions.rb:30:in `call'
  railties (4.2.0) lib/rails/rack/logger.rb:38:in `call_app'
  railties (4.2.0) lib/rails/rack/logger.rb:20:in `block in call'
  activesupport (4.2.0) lib/active_support/tagged_logging.rb:68:in `block in tagged'
  activesupport (4.2.0) lib/active_support/tagged_logging.rb:26:in `tagged'
  activesupport (4.2.0) lib/active_support/tagged_logging.rb:68:in `tagged'
  railties (4.2.0) lib/rails/rack/logger.rb:20:in `call'
  actionpack (4.2.0) lib/action_dispatch/middleware/request_id.rb:21:in `call'
  rack (1.6.0) lib/rack/methodoverride.rb:22:in `call'
  rack (1.6.0) lib/rack/runtime.rb:18:in `call'
  activesupport (4.2.0) lib/active_support/cache/strategy/local_cache_middleware.rb:28:in `call'
  rack (1.6.0) lib/rack/lock.rb:17:in `call'
  actionpack (4.2.0) lib/action_dispatch/middleware/static.rb:113:in `call'
  rack (1.6.0) lib/rack/sendfile.rb:113:in `call'
  railties (4.2.0) lib/rails/engine.rb:518:in `call'
  railties (4.2.0) lib/rails/application.rb:164:in `call'
  rack (1.6.0) lib/rack/lock.rb:17:in `call'
  rack (1.6.0) lib/rack/content_length.rb:15:in `call'
  rack (1.6.0) lib/rack/handler/webrick.rb:89:in `service'
  /home/qingxp9/.rvm/rubies/ruby-2.2.0/lib/ruby/2.2.0/webrick/httpserver.rb:138:in `service'
  /home/qingxp9/.rvm/rubies/ruby-2.2.0/lib/ruby/2.2.0/webrick/httpserver.rb:94:in `run'
  /home/qingxp9/.rvm/rubies/ruby-2.2.0/lib/ruby/2.2.0/webrick/server.rb:294:in `block in start_thread'


  Rendered /home/qingxp9/.rvm/gems/ruby-2.2.0/gems/web-console-2.0.0/lib/action_dispatch/templates/rescues/unknown_action.html.erb within rescues/layout (0.3ms)


Started GET "/signup" for 127.0.0.1 at 2015-01-05 21:10:15 +0800
Processing by UsersController#new as HTML
  Rendered shared/_error_messages.html.erb (1.7ms)
  Rendered users/new.html.erb within layouts/application (14.8ms)
  Rendered layouts/_shim.html.erb (0.2ms)
  Rendered layouts/_header.html.erb (0.5ms)
  Rendered layouts/_footer.html.erb (0.3ms)
Completed 200 OK in 122ms (Views: 104.2ms | ActiveRecord: 0.3ms)


Started GET "/assets/custom.css?body=1" for 127.0.0.1 at 2015-01-05 21:10:15 +0800


Started GET "/assets/static_pages.css?body=1" for 127.0.0.1 at 2015-01-05 21:10:15 +0800


Started GET "/assets/application.css?body=1" for 127.0.0.1 at 2015-01-05 21:10:15 +0800


Started GET "/assets/jquery.js?body=1" for 127.0.0.1 at 2015-01-05 21:10:15 +0800


Started GET "/assets/turbolinks.js?body=1" for 127.0.0.1 at 2015-01-05 21:10:15 +0800


Started GET "/assets/jquery_ujs.js?body=1" for 127.0.0.1 at 2015-01-05 21:10:15 +0800


Started GET "/assets/users.css?body=1" for 127.0.0.1 at 2015-01-05 21:10:15 +0800


Started GET "/assets/static_pages.js?body=1" for 127.0.0.1 at 2015-01-05 21:10:15 +0800


Started GET "/assets/users.js?body=1" for 127.0.0.1 at 2015-01-05 21:10:15 +0800


Started GET "/assets/application.js?body=1" for 127.0.0.1 at 2015-01-05 21:10:15 +0800


Started POST "/users" for 127.0.0.1 at 2015-01-05 21:10:29 +0800
Processing by UsersController#create as HTML
  Parameters: {"utf8"=>"✓", "authenticity_token"=>"pJZgw3qlXQzikQplRZ989SaAN8OusCIWa/EcCPAaW2IspG0P/jU/U6UYRMJXIUAbX++rIYgG3TQsv/aZOSCqow==", "user"=>{"name"=>"qingxp9", "email"=>"qingxp9@gmail.com", "password"=>"[FILTERED]", "password_confirmation"=>"[FILTERED]"}, "commit"=>"Create my account"}
  [1m[35m (0.1ms)[0m  begin transaction
  [1m[36mUser Exists (0.1ms)[0m  [1mSELECT  1 AS one FROM "users" WHERE LOWER("users"."email") = LOWER('qingxp9@gmail.com') LIMIT 1[0m
  [1m[35mSQL (0.2ms)[0m  INSERT INTO "users" ("name", "email", "password_digest", "created_at", "updated_at") VALUES (?, ?, ?, ?, ?)  [["name", "qingxp9"], ["email", "qingxp9@gmail.com"], ["password_digest", "$2a$10$2ml3uE3mYMH6MERriuA/6ekxT5WvLkQroqAnGEC2lKggER1s53LUG"], ["created_at", "2015-01-05 13:10:29.129033"], ["updated_at", "2015-01-05 13:10:29.129033"]]
  [1m[36m (266.0ms)[0m  [1mcommit transaction[0m
Redirected to http://localhost:3000/users/1
Completed 302 Found in 345ms (ActiveRecord: 266.4ms)


Started GET "/users/1" for 127.0.0.1 at 2015-01-05 21:10:29 +0800
Processing by UsersController#show as HTML
  Parameters: {"id"=>"1"}
  [1m[35mUser Load (0.2ms)[0m  SELECT  "users".* FROM "users" WHERE "users"."id" = ? LIMIT 1  [["id", 1]]
  Rendered users/show.html.erb within layouts/application (0.5ms)
  Rendered layouts/_shim.html.erb (0.0ms)
  Rendered layouts/_header.html.erb (0.2ms)
  Rendered layouts/_footer.html.erb (0.1ms)
Completed 200 OK in 56ms (Views: 50.9ms | ActiveRecord: 0.2ms)


Started GET "/assets/custom.css?body=1" for 127.0.0.1 at 2015-01-05 21:10:29 +0800


Started GET "/assets/static_pages.css?body=1" for 127.0.0.1 at 2015-01-05 21:10:29 +0800


Started GET "/assets/users.css?body=1" for 127.0.0.1 at 2015-01-05 21:10:29 +0800


Started GET "/assets/jquery.js?body=1" for 127.0.0.1 at 2015-01-05 21:10:29 +0800


Started GET "/assets/application.css?body=1" for 127.0.0.1 at 2015-01-05 21:10:29 +0800


Started GET "/assets/jquery_ujs.js?body=1" for 127.0.0.1 at 2015-01-05 21:10:29 +0800


Started GET "/assets/turbolinks.js?body=1" for 127.0.0.1 at 2015-01-05 21:10:29 +0800


Started GET "/assets/static_pages.js?body=1" for 127.0.0.1 at 2015-01-05 21:10:29 +0800


Started GET "/assets/users.js?body=1" for 127.0.0.1 at 2015-01-05 21:10:29 +0800


Started GET "/assets/application.js?body=1" for 127.0.0.1 at 2015-01-05 21:10:29 +0800


Started GET "/" for 127.0.0.1 at 2015-01-13 23:21:20 +0800
  [1m[36mActiveRecord::SchemaMigration Load (0.1ms)[0m  [1mSELECT "schema_migrations".* FROM "schema_migrations"[0m
Processing by StaticPagesController#home as HTML
  Rendered static_pages/home.html.erb within layouts/application (23.3ms)
  Rendered layouts/_shim.html.erb (0.2ms)
  Rendered layouts/_header.html.erb (0.5ms)
  Rendered layouts/_footer.html.erb (0.4ms)
Completed 200 OK in 481ms (Views: 474.1ms | ActiveRecord: 0.0ms)


Started GET "/assets/custom.css?body=1" for 127.0.0.1 at 2015-01-13 23:21:20 +0800


Started GET "/assets/static_pages.css?body=1" for 127.0.0.1 at 2015-01-13 23:21:20 +0800


Started GET "/assets/users.css?body=1" for 127.0.0.1 at 2015-01-13 23:21:20 +0800


Started GET "/assets/application.css?body=1" for 127.0.0.1 at 2015-01-13 23:21:20 +0800


Started GET "/assets/jquery.js?body=1" for 127.0.0.1 at 2015-01-13 23:21:20 +0800


Started GET "/assets/jquery_ujs.js?body=1" for 127.0.0.1 at 2015-01-13 23:21:20 +0800


Started GET "/assets/turbolinks.js?body=1" for 127.0.0.1 at 2015-01-13 23:21:20 +0800


Started GET "/assets/static_pages.js?body=1" for 127.0.0.1 at 2015-01-13 23:21:20 +0800


Started GET "/assets/users.js?body=1" for 127.0.0.1 at 2015-01-13 23:21:20 +0800


Started GET "/assets/application.js?body=1" for 127.0.0.1 at 2015-01-13 23:21:20 +0800


Started GET "/assets/rails.png" for 127.0.0.1 at 2015-01-13 23:21:20 +0800


Started GET "/" for 127.0.0.1 at 2015-01-31 16:58:36 +0800
  [1m[36mActiveRecord::SchemaMigration Load (0.1ms)[0m  [1mSELECT "schema_migrations".* FROM "schema_migrations"[0m
Processing by StaticPagesController#home as HTML
  Rendered static_pages/home.html.erb within layouts/application (39.9ms)
  Rendered layouts/_shim.html.erb (0.6ms)
  Rendered layouts/_header.html.erb (1.3ms)
  Rendered layouts/_footer.html.erb (1.0ms)
Completed 200 OK in 775ms (Views: 753.5ms | ActiveRecord: 0.0ms)


Started GET "/assets/custom.css?body=1" for 127.0.0.1 at 2015-01-31 16:58:37 +0800


Started GET "/assets/sessions.css?body=1" for 127.0.0.1 at 2015-01-31 16:58:37 +0800


Started GET "/assets/users.css?body=1" for 127.0.0.1 at 2015-01-31 16:58:37 +0800


Started GET "/assets/static_pages.css?body=1" for 127.0.0.1 at 2015-01-31 16:58:37 +0800


Started GET "/assets/jquery.js?body=1" for 127.0.0.1 at 2015-01-31 16:58:37 +0800


Started GET "/assets/application.css?body=1" for 127.0.0.1 at 2015-01-31 16:58:37 +0800


Started GET "/assets/turbolinks.js?body=1" for 127.0.0.1 at 2015-01-31 16:58:37 +0800


Started GET "/assets/jquery_ujs.js?body=1" for 127.0.0.1 at 2015-01-31 16:58:37 +0800


Started GET "/assets/sessions.js?body=1" for 127.0.0.1 at 2015-01-31 16:58:37 +0800


Started GET "/assets/static_pages.js?body=1" for 127.0.0.1 at 2015-01-31 16:58:37 +0800


Started GET "/assets/users.js?body=1" for 127.0.0.1 at 2015-01-31 16:58:37 +0800


Started GET "/assets/application.js?body=1" for 127.0.0.1 at 2015-01-31 16:58:37 +0800


Started GET "/assets/rails.png" for 127.0.0.1 at 2015-01-31 16:58:37 +0800


Started GET "/login" for 127.0.0.1 at 2015-01-31 16:58:44 +0800
Processing by SessionsController#new as HTML
  Rendered sessions/new.html.erb within layouts/application (68.1ms)
  Rendered layouts/_shim.html.erb (0.0ms)
  Rendered layouts/_header.html.erb (0.2ms)
  Rendered layouts/_footer.html.erb (0.1ms)
Completed 200 OK in 147ms (Views: 145.8ms | ActiveRecord: 0.0ms)


Started GET "/assets/custom.css?body=1" for 127.0.0.1 at 2015-01-31 16:58:45 +0800


Started GET "/assets/static_pages.css?body=1" for 127.0.0.1 at 2015-01-31 16:58:45 +0800


Started GET "/assets/sessions.css?body=1" for 127.0.0.1 at 2015-01-31 16:58:45 +0800


Started GET "/assets/jquery.js?body=1" for 127.0.0.1 at 2015-01-31 16:58:45 +0800


Started GET "/assets/users.css?body=1" for 127.0.0.1 at 2015-01-31 16:58:45 +0800


Started GET "/assets/application.css?body=1" for 127.0.0.1 at 2015-01-31 16:58:45 +0800


Started GET "/assets/jquery_ujs.js?body=1" for 127.0.0.1 at 2015-01-31 16:58:45 +0800


Started GET "/assets/turbolinks.js?body=1" for 127.0.0.1 at 2015-01-31 16:58:45 +0800


Started GET "/assets/sessions.js?body=1" for 127.0.0.1 at 2015-01-31 16:58:45 +0800


Started GET "/assets/static_pages.js?body=1" for 127.0.0.1 at 2015-01-31 16:58:45 +0800


Started GET "/assets/users.js?body=1" for 127.0.0.1 at 2015-01-31 16:58:45 +0800


Started GET "/assets/application.js?body=1" for 127.0.0.1 at 2015-01-31 16:58:45 +0800
